TN:
SF:src/app.js
FN:9,celsiusToFahrenheit
FN:14,fahrenheitToCelsius
FN:19,(anonymous_2)
FN:31,(anonymous_3)
FN:50,(anonymous_4)
FN:70,(anonymous_5)
FNF:6
FNH:5
FNDA:2,celsiusToFahrenheit
FNDA:2,fahrenheitToCelsius
FNDA:1,(anonymous_2)
FNDA:3,(anonymous_3)
FNDA:3,(anonymous_4)
FNDA:0,(anonymous_5)
DA:1,1
DA:2,1
DA:3,1
DA:6,1
DA:10,2
DA:15,2
DA:19,1
DA:20,1
DA:31,1
DA:32,3
DA:34,3
DA:35,1
DA:40,2
DA:42,2
DA:50,1
DA:51,3
DA:53,3
DA:54,1
DA:59,2
DA:61,2
DA:69,1
DA:70,0
DA:71,0
DA:72,0
DA:76,1
LF:25
LH:22
BRDA:3,0,0,1
BRDA:3,0,1,1
BRDA:34,1,0,1
BRDA:34,1,1,2
BRDA:53,2,0,1
BRDA:53,2,1,2
BRDA:69,3,0,0
BRDA:69,3,1,1
BRF:8
BRH:7
end_of_record
